<?xml version="1.0" encoding="UTF-8" ?>
<testsuite tests="2" failures="1" name="loginTests.AppTest" time="0.016" errors="0" skipped="0">
  <properties>
[...]
</properties>
  <testcase classname="loginTests.AppTest" name="invalidLoginTest" time="0.016">
    <failure message="expected [true] but found [false]" type="java.lang.AssertionError">java.lang.AssertionError: expected [true] but found [false]
	at org.testng.Assert.fail(Assert.java:99)
	at org.testng.Assert.failNotEquals(Assert.java:1037)
	at org.testng.Assert.assertTrue(Assert.java:45)
	at org.testng.Assert.assertTrue(Assert.java:55)
	at loginTests.AppTest.invalidLoginTest(AppTest.java:19)
</failure>
    <system-out>Configuring TestNG with: org.apache.maven.surefire.testng.conf.TestNG652Configurator@39a054a5
</system-out>
  </testcase>
  <testcase classname="loginTests.AppTest" name="validLoginTest" time="0"/>
</testsuite>