<?xml version="1.0" encoding="UTF-8"?>
<testng-results skipped="0" failed="0" ignored="0" total="1" passed="1">
  <reporter-output>
  </reporter-output>
  <suite name="Suite" duration-ms="55" started-at="2021-09-24T09:35:30Z" finished-at="2021-09-24T09:35:31Z">
    <groups>
    </groups>
    <test name="Test" duration-ms="55" started-at="2021-09-24T09:35:30Z" finished-at="2021-09-24T09:35:31Z">
      <class name="loginTests.ComparisionTC">
        <test-method status="PASS" signature="checkingComparision()[pri:0, instance:loginTests.ComparisionTC@691a7f8f]" name="checkingComparision" duration-ms="22" started-at="2021-09-24T09:35:30Z" finished-at="2021-09-24T09:35:31Z">
          <reporter-output>
          </reporter-output>
        </test-method> <!-- checkingComparision -->
      </class> <!-- loginTests.ComparisionTC -->
    </test> <!-- Test -->
  </suite> <!-- Suite -->
</testng-results>
