<?xml version="1.0" encoding="UTF-8"?>
<!-- Generated by org.testng.reporters.JUnitXMLReporter -->
<testsuite hostname="DESKTOP-LLU4750" ignored="0" name="Command line test" tests="2" failures="1" timestamp="2021-09-24T14:54:49 IST" time="0.086" errors="0">
  <testcase name="invalidLoginTest" time="0.009" classname="loginTests.AppTest">
    <failure type="java.lang.AssertionError" message="expected [true] but found [false]">
      <![CDATA[java.lang.AssertionError: expected [true] but found [false]
at loginTests.AppTest.invalidLoginTest(AppTest.java:19)
at java.util.ArrayList.forEach(ArrayList.java:1259)
... Removed 40 stack frames]]>
    </failure>
  </testcase> <!-- invalidLoginTest -->
  <testcase name="validLoginTest" time="0.001" classname="loginTests.AppTest"/>
</testsuite> <!-- Command line test -->
