<?xml version="1.0" encoding="UTF-8"?>
<testng-results skipped="0" failed="0" ignored="0" total="1" passed="1">
  <reporter-output>
  </reporter-output>
  <suite name="Default suite" duration-ms="19599" started-at="2021-09-27T06:41:56Z" finished-at="2021-09-27T06:42:15Z">
    <groups>
    </groups>
    <test name="Default test" duration-ms="19599" started-at="2021-09-27T06:41:56Z" finished-at="2021-09-27T06:42:15Z">
      <class name="loginTests.UdemyLogin">
        <test-method status="PASS" signature="beforeTest()[pri:0, instance:loginTests.UdemyLogin@3c9d0b9d]" name="beforeTest" is-config="true" duration-ms="11889" started-at="2021-09-27T06:41:56Z" finished-at="2021-09-27T06:42:08Z">
          <reporter-output>
          </reporter-output>
        </test-method> <!-- beforeTest -->
        <test-method status="PASS" signature="doLogin()[pri:0, instance:loginTests.UdemyLogin@3c9d0b9d]" name="doLogin" duration-ms="4858" started-at="2021-09-27T06:42:08Z" finished-at="2021-09-27T06:42:12Z">
          <reporter-output>
          </reporter-output>
        </test-method> <!-- doLogin -->
        <test-method status="PASS" signature="afterTest()[pri:0, instance:loginTests.UdemyLogin@3c9d0b9d]" name="afterTest" is-config="true" duration-ms="2808" started-at="2021-09-27T06:42:12Z" finished-at="2021-09-27T06:42:15Z">
          <reporter-output>
          </reporter-output>
        </test-method> <!-- afterTest -->
      </class> <!-- loginTests.UdemyLogin -->
    </test> <!-- Default test -->
  </suite> <!-- Default suite -->
</testng-results>
